<?xml version="1.0" encoding="UTF-8"?>
<!-- Generated by org.testng.reporters.JUnitReportReporter -->
<testsuite hostname="Koushik" failures="0" tests="3" name="cucumber.cucumberTestRunner" time="0.116" errors="3" timestamp="2025-08-23T00:33:01 IST" skipped="0">
  <testcase classname="cucumber.cucumberTestRunner" name="runScenario" time="0.103">
    <error message="The step &#039;i am on site&#039; and 3 other step(s) are undefined.
You can implement these steps using the snippet(s) below:

@Given(&quot;i am on site&quot;)
public void i_am_on_site() {
    // Write code here that turns the phrase above into concrete actions
    throw new io.cucumber.java.PendingException();
}
@When(&quot;items are added in basket&quot;)
public void items_are_added_in_basket() {
    // Write code here that turns the phrase above into concrete actions
    throw new io.cucumber.java.PendingException();
}
@When(&quot;checkout journey is done&quot;)
public void checkout_journey_is_done() {
    // Write code here that turns the phrase above into concrete actions
    throw new io.cucumber.java.PendingException();
}
@Then(&quot;scuccessul message should be displayed&quot;)
public void scuccessul_message_should_be_displayed() {
    // Write code here that turns the phrase above into concrete actions
    throw new io.cucumber.java.PendingException();
}
" type="io.cucumber.testng.UndefinedStepException">
      <![CDATA[io.cucumber.testng.UndefinedStepException: The step 'i am on site' and 3 other step(s) are undefined.
You can implement these steps using the snippet(s) below:

@Given("i am on site")
public void i_am_on_site() {
    // Write code here that turns the phrase above into concrete actions
    throw new io.cucumber.java.PendingException();
}
@When("items are added in basket")
public void items_are_added_in_basket() {
    // Write code here that turns the phrase above into concrete actions
    throw new io.cucumber.java.PendingException();
}
@When("checkout journey is done")
public void checkout_journey_is_done() {
    // Write code here that turns the phrase above into concrete actions
    throw new io.cucumber.java.PendingException();
}
@Then("scuccessul message should be displayed")
public void scuccessul_message_should_be_displayed() {
    // Write code here that turns the phrase above into concrete actions
    throw new io.cucumber.java.PendingException();
}

at ✽.i am on site(file:///C:/Users/koush/eclipse-workspace/pageObjectModel/src/test/java/cucumber/greenkart.feature:4)
]]>
    </error>
  </testcase> <!-- runScenario -->
  <testcase classname="cucumber.cucumberTestRunner" name="runScenario" time="0.006">
    <error message="The step &#039;open orangeHRM site&#039; and 1 other step(s) are undefined.
You can implement these steps using the snippet(s) below:

@Given(&quot;open orangeHRM site&quot;)
public void open_orange_hrm_site() {
    // Write code here that turns the phrase above into concrete actions
    throw new io.cucumber.java.PendingException();
}
@When(&quot;login with locked_out_user and secret_sauce&quot;)
public void login_with_locked_out_user_and_secret_sauce() {
    // Write code here that turns the phrase above into concrete actions
    throw new io.cucumber.java.PendingException();
}
" type="io.cucumber.testng.UndefinedStepException">
      <![CDATA[io.cucumber.testng.UndefinedStepException: The step 'open orangeHRM site' and 1 other step(s) are undefined.
You can implement these steps using the snippet(s) below:

@Given("open orangeHRM site")
public void open_orange_hrm_site() {
    // Write code here that turns the phrase above into concrete actions
    throw new io.cucumber.java.PendingException();
}
@When("login with locked_out_user and secret_sauce")
public void login_with_locked_out_user_and_secret_sauce() {
    // Write code here that turns the phrase above into concrete actions
    throw new io.cucumber.java.PendingException();
}

at ✽.open orangeHRM site(file:///C:/Users/koush/eclipse-workspace/pageObjectModel/src/test/java/cucumber/login.feature:4)
]]>
    </error>
  </testcase> <!-- runScenario -->
  <testcase classname="cucumber.cucumberTestRunner" name="runScenario" time="0.007">
    <error message="The step &#039;open orangeHRM site&#039; and 1 other step(s) are undefined.
You can implement these steps using the snippet(s) below:

@Given(&quot;open orangeHRM site&quot;)
public void open_orange_hrm_site() {
    // Write code here that turns the phrase above into concrete actions
    throw new io.cucumber.java.PendingException();
}
@When(&quot;login with standard_user and secret_sauce&quot;)
public void login_with_standard_user_and_secret_sauce() {
    // Write code here that turns the phrase above into concrete actions
    throw new io.cucumber.java.PendingException();
}
" type="io.cucumber.testng.UndefinedStepException">
      <![CDATA[io.cucumber.testng.UndefinedStepException: The step 'open orangeHRM site' and 1 other step(s) are undefined.
You can implement these steps using the snippet(s) below:

@Given("open orangeHRM site")
public void open_orange_hrm_site() {
    // Write code here that turns the phrase above into concrete actions
    throw new io.cucumber.java.PendingException();
}
@When("login with standard_user and secret_sauce")
public void login_with_standard_user_and_secret_sauce() {
    // Write code here that turns the phrase above into concrete actions
    throw new io.cucumber.java.PendingException();
}

at ✽.open orangeHRM site(file:///C:/Users/koush/eclipse-workspace/pageObjectModel/src/test/java/cucumber/login.feature:4)
]]>
    </error>
  </testcase> <!-- runScenario -->
</testsuite> <!-- cucumber.cucumberTestRunner -->
